0 info it worked if it ends with ok
1 verbose cli [ '/home/s/.nvm/versions/io.js/v3.3.1/bin/iojs',
1 verbose cli   '/home/s/.nvm/versions/io.js/v3.3.1/bin/npm',
1 verbose cli   'run',
1 verbose cli   'local_test' ]
2 info using npm@2.14.3
3 info using node@v3.3.1
4 verbose run-script [ 'prelocal_test', 'local_test', 'postlocal_test' ]
5 info prelocal_test ens@0.0.1
6 info local_test ens@0.0.1
7 verbose unsafe-perm in lifecycle true
8 info ens@0.0.1 Failed to exec local_test script
9 verbose stack Error: ens@0.0.1 local_test: `node node_modules/istanbul/lib/cli.js cover node_modules/mocha/bin/_mocha "./test/mocha/*.js"`
9 verbose stack Exit status 1
9 verbose stack     at EventEmitter.<anonymous> (/home/s/.nvm/versions/io.js/v3.3.1/lib/node_modules/npm/lib/utils/lifecycle.js:214:16)
9 verbose stack     at emitTwo (events.js:87:13)
9 verbose stack     at EventEmitter.emit (events.js:172:7)
9 verbose stack     at ChildProcess.<anonymous> (/home/s/.nvm/versions/io.js/v3.3.1/lib/node_modules/npm/lib/utils/spawn.js:24:14)
9 verbose stack     at emitTwo (events.js:87:13)
9 verbose stack     at ChildProcess.emit (events.js:172:7)
9 verbose stack     at maybeClose (internal/child_process.js:764:16)
9 verbose stack     at Process.ChildProcess._handle.onexit (internal/child_process.js:211:5)
10 verbose pkgid ens@0.0.1
11 verbose cwd /home/s/dev/ens
12 error Linux 4.2.0-18-generic
13 error argv "/home/s/.nvm/versions/io.js/v3.3.1/bin/iojs" "/home/s/.nvm/versions/io.js/v3.3.1/bin/npm" "run" "local_test"
14 error node v3.3.1
15 error npm  v2.14.3
16 error code ELIFECYCLE
17 error ens@0.0.1 local_test: `node node_modules/istanbul/lib/cli.js cover node_modules/mocha/bin/_mocha "./test/mocha/*.js"`
17 error Exit status 1
18 error Failed at the ens@0.0.1 local_test script 'node node_modules/istanbul/lib/cli.js cover node_modules/mocha/bin/_mocha "./test/mocha/*.js"'.
18 error This is most likely a problem with the ens package,
18 error not with npm itself.
18 error Tell the author that this fails on your system:
18 error     node node_modules/istanbul/lib/cli.js cover node_modules/mocha/bin/_mocha "./test/mocha/*.js"
18 error You can get their info via:
18 error     npm owner ls ens
18 error There is likely additional logging output above.
19 verbose exit [ 1, true ]
